Raw Request:
GET / HTTP/1.1
Content-Type: text/plain
User-Agent: PostmanRuntime/7.29.0
Accept: */*
Postman-Token: d5bb41e2-9b4d-4246-9e8c-68f7935cd07a
Host: localhost:3000
Accept-Encoding: gzip, deflate, br
Connection: keep-alive
Content-Length: 9

<p>hi</p>
Raw Request:
POST / HTTP/1.1
Content-Type: text/plain
User-Agent: PostmanRuntime/7.29.0
Accept: */*
Postman-Token: 69908fbf-bce7-460f-bcb0-4e2274b6175b
Host: localhost:3000
Accept-Encoding: gzip, deflate, br
Connection: keep-alive
Content-Length: 9

<p>hi</p>
Raw Request:
POST / HTTP/1.1
Content-Type: text/plain
User-Agent: PostmanRuntime/7.29.0
Accept: */*
Postman-Token: 1d250c83-537c-45a8-89e0-251be94b15f3
Host: localhost:3000
Accept-Encoding: gzip, deflate, br
Connection: keep-alive
Content-Length: 35

<script>console.log('hi');</script>
